1
 
 
 
 
                                                             
                Unpublished work Copyright 2021 Siemens      
                         All Rights Reserved.                
                                                             
               This software and related documentation are   
                    proprietary to Siemens Industry          
                             Software Inc.                   
                                                             
              Siemens and the Siemens logo are registered    
           trademarks of Siemens AG. Simcenter is a trademark
              or registered trademark of Siemens Product     
               Lifecycle Management Software Inc. or its     
             subsidiaries in the United States and in other  
             countries.  NASTRAN is a registered trademark   
                 of the National Aeronautics and Space       
                 Administration.  All other trademarks,      
              registered trademarks or service marks belong  
                      to their respective holders.           
                                                             
           LIMITATIONS TO U.S. GOVERNMENT RIGHTS. UNPUBLISHED
           - RIGHTS RESERVED UNDER THE COPYRIGHT LAWS OF THE 
            UNITED STATES. This computer software and related
               computer software documentation have been     
            developed exclusively at private expense and are 
           provided subject to the following rights:  If this
               computer software and computer  software      
            documentation qualify as "commercial items" (as  
             that term is defined in FAR 2.101), their use,  
            duplication or disclosure by the U.S. Government 
           is subject to the protections and restrictions as 
            set forth in the Siemens commercial license for  
            software and/or documentation, as prescribed in  
           FAR 12.212 and FAR 27.405(b)(2)(i) (for civilian  
             agencies) and in DFARS 227.7202-1(a) and DFARS  
           227.7202-3(a) (for the Department of Defense), or 
           any successor or similar regulation, as applicable
           or as amended from time to time.  If this computer
           software and computer documentation do not qualify
            as "commercial items", then they are "restricted 
           computer software" and are provided with "restric-
            tive rights", and their use, duplication or dis- 
            closure by the U.S. Government is subject to the 
            protections and restrictions as set forth in FAR 
           27.404(b) and FAR 52-227-14 (for civilian agencies
           ), and DFARS 227.7203-5(c) and DFARS 252.227-7014 
           (for the Department of Defense), or any successor 
           or similar regulation, as applicable or as amended
           from time to time. Siemens Industry Software Inc. 
           5800 Granite Parkway, Suite 600, Plano, TX 75024  
 

                * * * * * * * * * * * * * * * * * * * *
                * * * * * * * * * * * * * * * * * * * *
                * *                                 * *
                * *                                 * *
                * *                                 * *
                * *                                 * *
                * *     Simcenter Nastran 2022.1    * *
                * *                                 * *
                * *       VERSION - 2007.0090       * *
                * *                                 * *
                * *          OCT 20, 2021           * *
                * *                                 * *
                * *                                 * *
                * *Intel64 Family 6 Model 140 Stepp * *
                * *                                 * *
                * *MODEL 11th Gen Intel(R) Core(TM) * *
                * *                                 * *
                * *           Windows 10            * *
                * *                                 * *
                * *       Compiled for X86-64       * *
                * *                                 * *
                * * * * * * * * * * * * * * * * * * * *
                * * * * * * * * * * * * * * * * * * * *
1 
  
                      Welcome to Simcenter Nastran
                      ----------------------------
  
  
 This "news" information can be turned off by setting "news=no" in the runtime
 configuration (RC) file.  The "news" keyword can be set in the system RC file
 for global, or multi-user control, and in a local file for local control.
 Individual jobs can be controlled by setting news to yes or no on the command
 line.
1                                                                          DECEMBER  23, 2023  SIMCENTER NASTRAN 10/20/21   PAGE     1
                                                                                                                                    
0        N A S T R A N    F I L E    A N D    S Y S T E M    P A R A M E T E R    E C H O                                           
0                                                                                                                                   
                                                                                                                                    
                                                                                                                                    
     NASTRAN BUFFSIZE=32769 $(C:/PROGRAM FILES/SIEMENS/NX2007/NXNASTRAN/CONF/NASTRAN.
     NASTRAN BUFFPOOL=5836                                                           
     NASTRAN DIAGA=128 DIAGB=0 $(C:/PROGRAM FILES/SIEMENS/NX2007/NXNASTRAN/CONF/NASTR
     NASTRAN SYSTEM(442)=2 $(COMMAND LINE[5])                                        
     NASTRAN REAL=2124152832 $(MEMORY LIMIT FOR MPI AND OTHER SPECIALIZED MODULES)   
     $*$$$$$$$$$$$$$$$$$$$$$$$$$$$$$$$$$$$$$$$$$$$$$$$$$$$$$$$$$$$$$$$$$             
     $*                                                                              
     $*                    SIMCENTER V2011.0.0.1903 TRANSLATOR                       
     $*                    FOR SIMCENTER NASTRAN VERSION 2022.1                      
     $*                                                                              
     $*             FEM FILE: C:\USERS\NELEK\ONEDRIVE - POLITECHNIKA WARSZAWSKA\PRACA
     $*             SIM FILE: C:\USERS\NELEK\ONEDRIVE - POLITECHNIKA WARSZAWSKA\PRACA
     $*        ANALYSIS TYPE: STRUCTURAL                                             
     $*        SOLUTION NAME: SOLUTION 1                                             
     $*        SOLUTION TYPE: SOL 105 LINEAR BUCKLING                                
     $*                                                                              
     $*    SOLVER INPUT FILE: LINK_FEM_INPUT_FEM3_SIM1-SOLUTION_1.DAT                
     $*        CREATION DATE: 23-DEC-2023                                            
     $*        CREATION TIME: 22:15:32                                               
     $*             HOSTNAME: SUSSYSURFACE                                           
     $*      NASTRAN LICENSE: DESKTOP BUNDLE                                         
     $*                                                                              
     $*                UNITS: MM (MILLI-NEWTON)                                      
     $*                      ... LENGTH : MM                                         
     $*                      ... TIME   : SEC                                        
     $*                      ... MASS   : KILOGRAM (KG)                              
     $*                      ... TEMPERATURE : DEG CELSIUS                           
     $*                      ... FORCE  : MILLI-NEWTON                               
     $*                      ... THERMAL ENERGY : MN-MM (MICRO-JOULE)                
     $*                                                                              
     $* IMPORTANT NOTE:                                                              
     $*     THIS BANNER WAS GENERATED BY SIMCENTER AND ALTERING THIS                 
     $*     INFORMATION MAY COMPROMISE THE PRE AND POST PROCESSING OF RESULTS        
     $*                                                                              
     $*$$$$$$$$$$$$$$$$$$$$$$$$$$$$$$$$$$$$$$$$$$$$$$$$$$$$$$$$$$$$$$$$$             
     $*                                                                              
     $*$$$$$$$$$$$$$$$$$$$$$$$$$$$$$$$$$$$                                           
     $*                                                                              
     $* FILE MANAGEMENT                                                              
     $*                                                                              
     $*$$$$$$$$$$$$$$$$$$$$$$$$$$$$$$$$$$$                                           
     $*                                                                              
     $*                                                                              
     $*$$$$$$$$$$$$$$$$$$$$$$$$$$$$$$$$$$$                                           
     $*                                                                              
     $* EXECUTIVE CONTROL                                                            
     $*                                                                              
     $*$$$$$$$$$$$$$$$$$$$$$$$$$$$$$$$$$$$                                           
     $*                                                                              
1                                                                          DECEMBER  23, 2023  SIMCENTER NASTRAN 10/20/21   PAGE     2
                                                                                                                                    
0        N A S T R A N    E X E C U T I V E    C O N T R O L    E C H O                                                             
0                                                                                                                                   
                                                                                                                                    
                                                                                                                                    
     ID,NASTRAN,LINK_FEM_INPUT_FEM3_SIM1-SOLUTION_1                                          
     SOL 105                                                                                 
     CEND                                                                                    
1                                                                          DECEMBER  23, 2023  SIMCENTER NASTRAN 10/20/21   PAGE     3
                                                                                                                                    
0                                                                                                                                   
0                                        C A S E    C O N T R O L    E C H O                                                        
                 COMMAND                                                                                                            
                 COUNT                                                                                                              
                  1      $*                                                                                      
                  2      $*$$$$$$$$$$$$$$$$$$$$$$$$$$$$$$$$$$$                                                   
                  3      $*                                                                                      
                  4      $* CASE CONTROL                                                                         
                  5      $*                                                                                      
                  6      $*$$$$$$$$$$$$$$$$$$$$$$$$$$$$$$$$$$$                                                   
                  7      $*                                                                                      
                  8      ECHO = NONE                                                                             
                  9      SPC = 100                                                                               
                 10      OUTPUT                                                                                  
                 11      DISPLACEMENT(PLOT,REAL) = ALL                                                           
                 12      SPCFORCES(PLOT,REAL) = ALL                                                              
                 13      STRESS(PLOT,REAL,VONMISES,CENTER) = ALL                                                 
                 14      $*  STEP: SUBCASE - STATICS                                                             
                 15      SUBCASE 1                                                                               
                 16        LABEL = SUBCASE - STATICS                                                             
                 17        LOAD = 3                                                                              
                 18      $*  STEP: SUBCASE - BUCKLING METHOD                                                     
                 19      SUBCASE 2                                                                               
                 20        LABEL = SUBCASE - BUCKLING METHOD                                                     
                 21        STATSUB(BUCKLING) = 1                                                                 
                 22        METHOD = 102                                                                          
                 23      $*                                                                                      
                 24      $*$$$$$$$$$$$$$$$$$$$$$$$$$$$$$$$$$$$                                                   
                 25      $*                                                                                      
                 26      $* BULK DATA                                                                            
                 27      $*                                                                                      
                 28      $*$$$$$$$$$$$$$$$$$$$$$$$$$$$$$$$$$$$                                                   
                 29      $*                                                                                      
                 30      BEGIN BULK                                                                              
0                             INPUT BULK DATA ENTRY COUNT =       17811
0                       TOTAL COUNT=     17778


                                        M O D E L   S U M M A R Y

                                   NUMBER OF GRID     POINTS   =     6657
 
 
                                   NUMBER OF CQUAD8   ELEMENTS =     1995
 
1                                                                          DECEMBER  23, 2023  SIMCENTER NASTRAN 10/20/21   PAGE     4
                                                                                                                                    
0                                                                                                                                   
0                                                                                                                                   
                                                                                                                                    
                                                                                                                                    
 *** USER INFORMATION MESSAGE 4109 (OUTPBN2)
     THE LABEL IS NX2022.1 FOR FORTRAN UNIT 12
     (MAXIMUM SIZE OF FORTRAN RECORDS WRITTEN =        7 WORDS.)
     (NUMBER OF FORTRAN RECORDS WRITTEN =        8 RECORDS.)
     (TOTAL DATA WRITTEN FOR TAPE LABEL =       17 WORDS.)
 *** USER INFORMATION MESSAGE 4114 (OUTPBN2)
     DATA BLOCK IBULK    WRITTEN ON FORTRAN UNIT  12, TRL =
                    101                 1                 0                 0                 0                 0                 0
     (MAXIMUM POSSIBLE FORTRAN RECORD SIZE =    65538 WORDS.)
     (MAXIMUM SIZE OF FORTRAN RECORDS WRITTEN =       20 WORDS.)
     (NUMBER OF FORTRAN RECORDS WRITTEN =    89064 RECORDS.)
     (TOTAL DATA WRITTEN FOR DATA BLOCK =   427463 WORDS.)
 *** USER INFORMATION MESSAGE 4114 (OUTPBN2)
     DATA BLOCK ICASE    WRITTEN ON FORTRAN UNIT  12, TRL =
                    102                32                 0                 0                 0                 0                 0
     (MAXIMUM POSSIBLE FORTRAN RECORD SIZE =    65538 WORDS.)
     (MAXIMUM SIZE OF FORTRAN RECORDS WRITTEN =       20 WORDS.)
     (NUMBER OF FORTRAN RECORDS WRITTEN =      174 RECORDS.)
     (TOTAL DATA WRITTEN FOR DATA BLOCK =      794 WORDS.)
 *** USER INFORMATION MESSAGE 4114 (OUTPBN2)
     DATA BLOCK CASECC   WRITTEN ON FORTRAN UNIT  12, TRL =
                    103                 2                 0              1200                 0                 0                 0
     (MAXIMUM POSSIBLE FORTRAN RECORD SIZE =    65538 WORDS.)
     (MAXIMUM SIZE OF FORTRAN RECORDS WRITTEN =     1200 WORDS.)
     (NUMBER OF FORTRAN RECORDS WRITTEN =       24 RECORDS.)
     (TOTAL DATA WRITTEN FOR DATA BLOCK =     2430 WORDS.)
 *** USER INFORMATION MESSAGE 4114 (OUTPBN2)
     DATA BLOCK PVT0     WRITTEN ON FORTRAN UNIT  12, TRL =
                    101                28                 0                 0                 0                 0                 0
     (MAXIMUM POSSIBLE FORTRAN RECORD SIZE =    65538 WORDS.)
     (MAXIMUM SIZE OF FORTRAN RECORDS WRITTEN =       28 WORDS.)
     (NUMBER OF FORTRAN RECORDS WRITTEN =       19 RECORDS.)
     (TOTAL DATA WRITTEN FOR DATA BLOCK =       54 WORDS.)
 *** USER INFORMATION MESSAGE 4114 (OUTPBN2)
     DATA BLOCK GPL      WRITTEN ON FORTRAN UNIT  12, TRL =
                    101              6657              6657                 0                 0                 0                 0
     (MAXIMUM POSSIBLE FORTRAN RECORD SIZE =    65538 WORDS.)
     (MAXIMUM SIZE OF FORTRAN RECORDS WRITTEN =    13314 WORDS.)
     (NUMBER OF FORTRAN RECORDS WRITTEN =       24 RECORDS.)
     (TOTAL DATA WRITTEN FOR DATA BLOCK =    20002 WORDS.)
 *** USER INFORMATION MESSAGE 4114 (OUTPBN2)
     DATA BLOCK CSTM     WRITTEN ON FORTRAN UNIT  12, TRL =
                    101              6657                 1                 1                 1                12                 0
     (MAXIMUM POSSIBLE FORTRAN RECORD SIZE =    65538 WORDS.)
     (MAXIMUM SIZE OF FORTRAN RECORDS WRITTEN =       24 WORDS.)
     (NUMBER OF FORTRAN RECORDS WRITTEN =       24 RECORDS.)
     (TOTAL DATA WRITTEN FOR DATA BLOCK =       58 WORDS.)
1                                                                          DECEMBER  23, 2023  SIMCENTER NASTRAN 10/20/21   PAGE     5
                                                                                                                                    
0                                                                                                                                   
0                                                                                                                                   
                                                                                                                                    
                                                                                                                                    
 *** USER INFORMATION MESSAGE 4114 (OUTPBN2)
     DATA BLOCK GPDT     WRITTEN ON FORTRAN UNIT  12, TRL =
                    102              6657                 7                 0                 1                 0                 0
     (MAXIMUM POSSIBLE FORTRAN RECORD SIZE =    65538 WORDS.)
     (MAXIMUM SIZE OF FORTRAN RECORDS WRITTEN =    65538 WORDS.)
     (NUMBER OF FORTRAN RECORDS WRITTEN =       21 RECORDS.)
     (TOTAL DATA WRITTEN FOR DATA BLOCK =    66596 WORDS.)
 *** USER INFORMATION MESSAGE 4114 (OUTPBN2)
     DATA BLOCK EPT      WRITTEN ON FORTRAN UNIT  12, TRL =
                    101                 0               512                 0                 0                 0                 0
     (MAXIMUM POSSIBLE FORTRAN RECORD SIZE =    65538 WORDS.)
     (MAXIMUM SIZE OF FORTRAN RECORDS WRITTEN =       14 WORDS.)
     (NUMBER OF FORTRAN RECORDS WRITTEN =       24 RECORDS.)
     (TOTAL DATA WRITTEN FOR DATA BLOCK =       47 WORDS.)
 *** USER INFORMATION MESSAGE 4114 (OUTPBN2)
     DATA BLOCK MPT      WRITTEN ON FORTRAN UNIT  12, TRL =
                    101             33280                 0                 0                 0                 0                 0
     (MAXIMUM POSSIBLE FORTRAN RECORD SIZE =    65538 WORDS.)
     (MAXIMUM SIZE OF FORTRAN RECORDS WRITTEN =       15 WORDS.)
     (NUMBER OF FORTRAN RECORDS WRITTEN =       29 RECORDS.)
     (TOTAL DATA WRITTEN FOR DATA BLOCK =       67 WORDS.)
 *** USER INFORMATION MESSAGE 4114 (OUTPBN2)
     DATA BLOCK GEOM2    WRITTEN ON FORTRAN UNIT  12, TRL =
                    101                 0                 0                 0            131072                 0                 0
     (MAXIMUM POSSIBLE FORTRAN RECORD SIZE =    65538 WORDS.)
     (MAXIMUM SIZE OF FORTRAN RECORDS WRITTEN =    33918 WORDS.)
     (NUMBER OF FORTRAN RECORDS WRITTEN =       24 RECORDS.)
     (TOTAL DATA WRITTEN FOR DATA BLOCK =    33951 WORDS.)
 *** USER INFORMATION MESSAGE 4114 (OUTPBN2)
     DATA BLOCK GEOM3    WRITTEN ON FORTRAN UNIT  12, TRL =
                    102                 0                 0                64                 0                 0                 0
     (MAXIMUM POSSIBLE FORTRAN RECORD SIZE =    65538 WORDS.)
     (MAXIMUM SIZE OF FORTRAN RECORDS WRITTEN =      402 WORDS.)
     (NUMBER OF FORTRAN RECORDS WRITTEN =       24 RECORDS.)
     (TOTAL DATA WRITTEN FOR DATA BLOCK =      435 WORDS.)
 *** USER INFORMATION MESSAGE 4114 (OUTPBN2)
     DATA BLOCK GEOM4    WRITTEN ON FORTRAN UNIT  12, TRL =
                    103                 0                 0                 0               544                 0                 0
     (MAXIMUM POSSIBLE FORTRAN RECORD SIZE =    65538 WORDS.)
     (MAXIMUM SIZE OF FORTRAN RECORDS WRITTEN =     1531 WORDS.)
     (NUMBER OF FORTRAN RECORDS WRITTEN =       29 RECORDS.)
     (TOTAL DATA WRITTEN FOR DATA BLOCK =     1575 WORDS.)
 *** USER INFORMATION MESSAGE 4114 (OUTPBN2)
     DATA BLOCK GEOM1    WRITTEN ON FORTRAN UNIT  12, TRL =
                    104                 0              2048                 8                 0                 0                 0
     (MAXIMUM POSSIBLE FORTRAN RECORD SIZE =    65538 WORDS.)
     (MAXIMUM SIZE OF FORTRAN RECORDS WRITTEN =    65538 WORDS.)
     (NUMBER OF FORTRAN RECORDS WRITTEN =       31 RECORDS.)
     (TOTAL DATA WRITTEN FOR DATA BLOCK =    73292 WORDS.)
1                                                                          DECEMBER  23, 2023  SIMCENTER NASTRAN 10/20/21   PAGE     6
                                                                                                                                    
0                                                                                                                                   
0                                                                                                                                   
                                                                                                                                    
                                                                                                                                    
 *** USER INFORMATION MESSAGE 4114 (OUTPBN2)
     DATA BLOCK BGPDT    WRITTEN ON FORTRAN UNIT  12, TRL =
                    105              6657                 0             39942                 1                 0              6657
     (MAXIMUM POSSIBLE FORTRAN RECORD SIZE =    65538 WORDS.)
     (MAXIMUM SIZE OF FORTRAN RECORDS WRITTEN =    65538 WORDS.)
     (NUMBER OF FORTRAN RECORDS WRITTEN =       26 RECORDS.)
     (TOTAL DATA WRITTEN FOR DATA BLOCK =    93228 WORDS.)
 *** USER INFORMATION MESSAGE 4114 (OUTPBN2)
     DATA BLOCK DIT      WRITTEN ON FORTRAN UNIT  12, TRL =
                    101             32768                 0                 0                 0                 0                 0
     (MAXIMUM POSSIBLE FORTRAN RECORD SIZE =    65538 WORDS.)
     (MAXIMUM SIZE OF FORTRAN RECORDS WRITTEN =      145 WORDS.)
     (NUMBER OF FORTRAN RECORDS WRITTEN =       24 RECORDS.)
     (TOTAL DATA WRITTEN FOR DATA BLOCK =      178 WORDS.)
 *** USER INFORMATION MESSAGE 4114 (OUTPBN2)
     DATA BLOCK DYNAMICS WRITTEN ON FORTRAN UNIT  12, TRL =
                    102               256                 0                 0                 0                 0                 0
     (MAXIMUM POSSIBLE FORTRAN RECORD SIZE =    65538 WORDS.)
     (MAXIMUM SIZE OF FORTRAN RECORDS WRITTEN =       30 WORDS.)
     (NUMBER OF FORTRAN RECORDS WRITTEN =       24 RECORDS.)
     (TOTAL DATA WRITTEN FOR DATA BLOCK =       63 WORDS.)
 *** USER INFORMATION MESSAGE 4114 (OUTPBN2)
     DATA BLOCK EQEXIN   WRITTEN ON FORTRAN UNIT  12, TRL =
                    101              6657                 0                 0                 0                 0                 0
     (MAXIMUM POSSIBLE FORTRAN RECORD SIZE =    65538 WORDS.)
     (MAXIMUM SIZE OF FORTRAN RECORDS WRITTEN =    13314 WORDS.)
     (NUMBER OF FORTRAN RECORDS WRITTEN =       24 RECORDS.)
     (TOTAL DATA WRITTEN FOR DATA BLOCK =    26658 WORDS.)
 *** USER INFORMATION MESSAGE 7555 (EQUAD8GCZ)
     FINITE ELEMENT GEOMETRY CHECK RESULTS EXCEED TOLERANCE LEVELS FOR THE FOLLOWING ELEMENTS.
     USER ACTION: USE THE GEOMCHECK (EXECUTIVE CONTROL STATEMENT) KEYWORD=VALUE TO CHANGE TOLERANCE VALUES IF DESIRED.
     A MAXIMUM OF        100 SKEW  ANGLE (SA)                 TOLERANCE LIMIT VIOLATIONS WILL BE IDENTIFIED AND INDICATED BY xxxx.
     A MAXIMUM OF        100 TAPER RATIO (TR)                 TOLERANCE LIMIT VIOLATIONS WILL BE IDENTIFIED AND INDICATED BY xxxx.
     A MAXIMUM OF        100 MIN INT. ANGLE (IA)              TOLERANCE LIMIT VIOLATIONS WILL BE IDENTIFIED AND INDICATED BY xxxx.
     A MAXIMUM OF        100 MAX INT. ANGLE (IA)              TOLERANCE LIMIT VIOLATIONS WILL BE IDENTIFIED AND INDICATED BY xxxx.
     A MAXIMUM OF        100 ASPECT RATIO (AR)                TOLERANCE LIMIT VIOLATIONS WILL BE IDENTIFIED AND INDICATED BY xxxx.
     A MAXIMUM OF        100 EDGE POINT LENGTH RATIO (EPLR)   TOLERANCE LIMIT VIOLATIONS WILL BE IDENTIFIED AND INDICATED BY xxxx.
1                                                                          DECEMBER  23, 2023  SIMCENTER NASTRAN 10/20/21   PAGE     7
                                                                                                                                    
0                                                                                                                                   
  TOLERANCE LIMITS ARE: SKEW =  30.00, TR   =   0.50, IA(MIN) =  30.00, IA(MAX) = 150.00
                        AR   = 100.00, EPLR =   0.50                                         (xxxx = LIMIT VIOLATED)
 ELEMENT TYPE    ID        SKEW ANGLE        TAPER RATIO       MIN INT. ANGLE    MAX INT. ANGLE    ASPECT RATIO      EPLR 
    CQUAD8N       869        86.52              0.50 xxxx        64.21            124.01              1.70              1.00     
1                                                                          DECEMBER  23, 2023  SIMCENTER NASTRAN 10/20/21   PAGE     8
                                                                                                                                    
0                                                                                                                                   


                            E L E M E N T   G E O M E T R Y   T E S T   R E S U L T S   S U M M A R Y
                                        TOTAL NUMBER OF TIMES TOLERANCES WERE EXCEEDED
 ELEMENT     SKEW    ASPECT/       MINIMUM       MAXIMUM    SURFACE/FACE  THICKNESS/     EDGE POINT    EDGE POINT       JACOBIAN
 TYPE        ANGLE  TAPER RATIO  INTER. ANGLE  INTER. ANGLE  WARP FACTOR  OFFSET RATIO  LENGTH RATIO  INCLUDED ANGLE  DETERMINANT
 CQUAD8N         0          1             0             0           N/A           N/A             0           N/A           N/A     

         N/A IN THE ABOVE TABLE INDICATES TESTS THAT ARE NOT APPLICABLE TO THE ELEMENT TYPE AND WERE NOT PERFORMED.
         FOR ALL ELEMENTS WHERE GEOMETRY TEST RESULTS HAVE EXCEEDED TOLERANCES,

         CQUAD8N  ELEMENT ID      869 PRODUCED LARGEST  TAPER RATIO      OF       0.50 (TOLERANCE =        0.50).
1                                                                          DECEMBER  23, 2023  SIMCENTER NASTRAN 10/20/21   PAGE     9
                                                                                                                                    
0                                                                                                                                   
 *** USER INFORMATION MESSAGE 7310 (VECPRN)
     ORIGIN OF SUPERELEMENT BASIC COORDINATE SYSTEM WILL BE USED AS REFERENCE LOCATION.
     RESULTANTS ABOUT ORIGIN OF SUPERELEMENT BASIC COORDINATE SYSTEM IN SUPERELEMENT BASIC SYSTEM COORDINATES.
0                                                  OLOAD    RESULTANT       
  SUBCASE/    LOAD
  DAREA ID    TYPE       T1            T2            T3            R1            R2            R3
0        1     FX   -2.499998E+05     ----          ----          ----       5.846618E-01  0.000000E+00                             
               FY       ----       0.000000E+00     ----       0.000000E+00     ----       0.000000E+00                             
               FZ       ----          ----      -2.984699E+02  0.000000E+00  9.699678E+03     ----                                  
               MX       ----          ----          ----       0.000000E+00     ----          ----                                  
               MY       ----          ----          ----          ----       0.000000E+00     ----                                  
               MZ       ----          ----          ----          ----          ----       0.000000E+00                             
             TOTALS -2.499998E+05  0.000000E+00 -2.984699E+02  0.000000E+00  9.700263E+03  0.000000E+00                             
1                                                                          DECEMBER  23, 2023  SIMCENTER NASTRAN 10/20/21   PAGE    10
                                                                                                                                    
0                                                                                                                                   
 *** USER INFORMATION MESSAGE 7310 (VECPRN)
     ORIGIN OF SUPERELEMENT BASIC COORDINATE SYSTEM WILL BE USED AS REFERENCE LOCATION.
     RESULTANTS ABOUT ORIGIN OF SUPERELEMENT BASIC COORDINATE SYSTEM IN SUPERELEMENT BASIC SYSTEM COORDINATES.
0                                                  OLOAD    RESULTANT       
  SUBCASE/    LOAD
  DAREA ID    TYPE       T1            T2            T3            R1            R2            R3
0        2     FX    0.000000E+00     ----          ----          ----       0.000000E+00  0.000000E+00                             
               FY       ----       0.000000E+00     ----       0.000000E+00     ----       0.000000E+00                             
               FZ       ----          ----       0.000000E+00  0.000000E+00  0.000000E+00     ----                                  
               MX       ----          ----          ----       0.000000E+00     ----          ----                                  
               MY       ----          ----          ----          ----       0.000000E+00     ----                                  
               MZ       ----          ----          ----          ----          ----       0.000000E+00                             
             TOTALS  0.000000E+00  0.000000E+00  0.000000E+00  0.000000E+00  0.000000E+00  0.000000E+00                             
 *** USER INFORMATION MESSAGE - SINGULARITIES FOUND USING EIGENVALUE METHOD
 ***       0 SINGULARITIES FOUND         0 SINGULARITIES ELIMINATED
 *** SYSTEM INFORMATION MESSAGE 6916 (DFMSYN)
     DECOMP ORDERING METHOD CHOSEN: DEFAULT, ORDERING METHOD USED: METIS
1                                                                          DECEMBER  23, 2023  SIMCENTER NASTRAN 10/20/21   PAGE    11
                                                                                                                                    
0                                                                                                            SUBCASE 1              
 *** USER INFORMATION MESSAGE 5293 (SSG3A)
    FOR DATA BLOCK KLL     
    LOAD SEQ. NO.             EPSILON              EXTERNAL WORK      EPSILONS LARGER THAN 0.001 ARE FLAGGED WITH ASTERISKS
                1          6.1495122E-13          1.8240252E+03
1                                                                          DECEMBER  23, 2023  SIMCENTER NASTRAN 10/20/21   PAGE    12
                                                                                                                                    
0                                                                                                                                   
 *** USER INFORMATION MESSAGE 7310 (VECPRN)
     ORIGIN OF SUPERELEMENT BASIC COORDINATE SYSTEM WILL BE USED AS REFERENCE LOCATION.
     RESULTANTS ABOUT ORIGIN OF SUPERELEMENT BASIC COORDINATE SYSTEM IN SUPERELEMENT BASIC SYSTEM COORDINATES.
0                                                  SPCFORCE RESULTANT       
  SUBCASE/    LOAD
  DAREA ID    TYPE       T1            T2            T3            R1            R2            R3
0        1     FX    2.499998E+05     ----          ----          ----      -1.364635E+04  0.000000E+00                             
               FY       ----       0.000000E+00     ----       0.000000E+00     ----       0.000000E+00                             
               FZ       ----          ----       2.984699E+02  0.000000E+00  3.946089E+03     ----                                  
               MX       ----          ----          ----       0.000000E+00     ----          ----                                  
               MY       ----          ----          ----          ----       0.000000E+00     ----                                  
               MZ       ----          ----          ----          ----          ----       0.000000E+00                             
             TOTALS  2.499998E+05  0.000000E+00  2.984699E+02  0.000000E+00 -9.700263E+03  0.000000E+00                             
 *** USER INFORMATION MESSAGE 4114 (OUTPBN2)
     DATA BLOCK OQG1     WRITTEN ON FORTRAN UNIT  12, TRL =
                    101                 0             53256                23                23                 0                 1
     (MAXIMUM POSSIBLE FORTRAN RECORD SIZE =    65538 WORDS.)
     (MAXIMUM SIZE OF FORTRAN RECORDS WRITTEN =    53256 WORDS.)
     (NUMBER OF FORTRAN RECORDS WRITTEN =       24 RECORDS.)
     (TOTAL DATA WRITTEN FOR DATA BLOCK =    53437 WORDS.)
 *** USER INFORMATION MESSAGE 4114 (OUTPBN2)
     DATA BLOCK BOUGV1   WRITTEN ON FORTRAN UNIT  12, TRL =
                    101                 0             53256                23                23                 0                 1
     (MAXIMUM POSSIBLE FORTRAN RECORD SIZE =    65538 WORDS.)
     (MAXIMUM SIZE OF FORTRAN RECORDS WRITTEN =    53256 WORDS.)
     (NUMBER OF FORTRAN RECORDS WRITTEN =       24 RECORDS.)
     (TOTAL DATA WRITTEN FOR DATA BLOCK =    53437 WORDS.)
 *** USER INFORMATION MESSAGE 4114 (OUTPBN2)
     DATA BLOCK OES1     WRITTEN ON FORTRAN UNIT  12, TRL =
                    101                63                12                23                23                 0                 1
     (MAXIMUM POSSIBLE FORTRAN RECORD SIZE =    65538 WORDS.)
     (MAXIMUM SIZE OF FORTRAN RECORDS WRITTEN =    65538 WORDS.)
     (NUMBER OF FORTRAN RECORDS WRITTEN =       28 RECORDS.)
     (TOTAL DATA WRITTEN FOR DATA BLOCK =   173746 WORDS.)
1                                                                          DECEMBER  23, 2023  SIMCENTER NASTRAN 10/20/21   PAGE    13
                                                                                                                                    
0                                                                                                                                   
1                                                                          DECEMBER  23, 2023  SIMCENTER NASTRAN 10/20/21   PAGE    14
                                                                                                                                    
0                                                                                                                                   
1                                                                          DECEMBER  23, 2023  SIMCENTER NASTRAN 10/20/21   PAGE    15
                                                                                                                                    
0                                                                                                                                   
 *** USER INFORMATION MESSAGE 7555 (EQUAD8GCZ)
     FINITE ELEMENT GEOMETRY CHECK RESULTS EXCEED TOLERANCE LEVELS FOR THE FOLLOWING ELEMENTS.
     A MAXIMUM OF        100 SKEW  ANGLE (SA)                 TOLERANCE LIMIT VIOLATIONS WILL BE IDENTIFIED AND INDICATED BY xxxx.
     A MAXIMUM OF        100 TAPER RATIO (TR)                 TOLERANCE LIMIT VIOLATIONS WILL BE IDENTIFIED AND INDICATED BY xxxx.
     A MAXIMUM OF        100 MIN INT. ANGLE (IA)              TOLERANCE LIMIT VIOLATIONS WILL BE IDENTIFIED AND INDICATED BY xxxx.
     A MAXIMUM OF        100 MAX INT. ANGLE (IA)              TOLERANCE LIMIT VIOLATIONS WILL BE IDENTIFIED AND INDICATED BY xxxx.
     A MAXIMUM OF        100 ASPECT RATIO (AR)                TOLERANCE LIMIT VIOLATIONS WILL BE IDENTIFIED AND INDICATED BY xxxx.
     A MAXIMUM OF        100 EDGE POINT LENGTH RATIO (EPLR)   TOLERANCE LIMIT VIOLATIONS WILL BE IDENTIFIED AND INDICATED BY xxxx.
1                                                                          DECEMBER  23, 2023  SIMCENTER NASTRAN 10/20/21   PAGE    16
                                                                                                                                    
0                                                                                                            SUBCASE 2              
  TOLERANCE LIMITS ARE: SKEW =  30.00, TR   =   0.50, IA(MIN) =  30.00, IA(MAX) = 150.00
                        AR   = 100.00, EPLR =   0.50                                         (xxxx = LIMIT VIOLATED)
 ELEMENT TYPE    ID        SKEW ANGLE        TAPER RATIO       MIN INT. ANGLE    MAX INT. ANGLE    ASPECT RATIO      EPLR 
    CQUAD8N       869        86.52              0.50 xxxx        64.21            124.01              1.70              1.00     
1                                                                          DECEMBER  23, 2023  SIMCENTER NASTRAN 10/20/21   PAGE    17
                                                                                                                                    
0                                                                                                            SUBCASE 2              


                            E L E M E N T   G E O M E T R Y   T E S T   R E S U L T S   S U M M A R Y
                                        TOTAL NUMBER OF TIMES TOLERANCES WERE EXCEEDED
 ELEMENT     SKEW    ASPECT/       MINIMUM       MAXIMUM    SURFACE/FACE  THICKNESS/     EDGE POINT    EDGE POINT       JACOBIAN
 TYPE        ANGLE  TAPER RATIO  INTER. ANGLE  INTER. ANGLE  WARP FACTOR  OFFSET RATIO  LENGTH RATIO  INCLUDED ANGLE  DETERMINANT
 CQUAD8N         0          1             0             0           N/A           N/A             0           N/A           N/A     

         N/A IN THE ABOVE TABLE INDICATES TESTS THAT ARE NOT APPLICABLE TO THE ELEMENT TYPE AND WERE NOT PERFORMED.
         FOR ALL ELEMENTS WHERE GEOMETRY TEST RESULTS HAVE EXCEEDED TOLERANCES,

         CQUAD8N  ELEMENT ID      869 PRODUCED LARGEST  TAPER RATIO      OF       0.50 (TOLERANCE =        0.50).
 *** SYSTEM INFORMATION MESSAGE 6916 (DFMSYN)
     DECOMP ORDERING METHOD CHOSEN: DEFAULT, ORDERING METHOD USED: METIS
 *** USER INFORMATION MESSAGE 5010 (LNCILS)
     STURM SEQUENCE DATA FOR EIGENVALUE EXTRACTION.
     TRIAL EIGENVALUE = -7.786040E+00, CYCLES = -4.440976E-01 NUMBER OF EIGENVALUES BELOW THIS VALUE =     0
 *** USER INFORMATION MESSAGE 5010 (LNCILS)
     STURM SEQUENCE DATA FOR EIGENVALUE EXTRACTION.
     TRIAL EIGENVALUE =  1.207936E+02, CYCLES =  1.749210E+00 NUMBER OF EIGENVALUES BELOW THIS VALUE =    10
 *** USER INFORMATION MESSAGE 5010 (LNCILS)
     STURM SEQUENCE DATA FOR EIGENVALUE EXTRACTION.
     TRIAL EIGENVALUE = -5.644200E+02, CYCLES = -3.781127E+00 NUMBER OF EIGENVALUES BELOW THIS VALUE =     1

 TABLE OF SHIFTS:  (LNNRIGL)
 SHIFT #        SHIFT VALUE         FREQUENCY, CYCLES     # EIGENVALUES BELOW    # NEW EIGENVALUES FOUND
     1.       -7.7860400E+00         -4.4409762E-01                 0                        9
     2.        1.2079356E+02          1.7492103E+00                10                       10
     3.       -5.6441995E+02         -3.7811274E+00                 1                       10

1                                                                          DECEMBER  23, 2023  SIMCENTER NASTRAN 10/20/21   PAGE    18
                                                                                                                                    
0                                                                                                            SUBCASE 2              
0


                          E I G E N V A L U E  A N A L Y S I S   S U M M A R Y   (READ MODULE) 



                                     BLOCK SIZE USED ......................    7

                                     NUMBER OF DECOMPOSITIONS .............    3

                                     NUMBER OF ROOTS FOUND ................   10

                                     NUMBER OF SOLVES REQUIRED ............   39

1                                                                          DECEMBER  23, 2023  SIMCENTER NASTRAN 10/20/21   PAGE    19
                                                                                                                                    
0                                                                                                            SUBCASE 2              
 
                                              R E A L   E I G E N V A L U E S
   MODE    EXTRACTION      EIGENVALUE            RADIANS             CYCLES            GENERALIZED         GENERALIZED
    NO.       ORDER                                                                       MASS              STIFFNESS
        1         1        8.195828E+00        2.862836E+00        4.556344E-01        5.489442E+03        4.499052E+04
        2         2        3.273303E+01        5.721278E+00        9.105697E-01        1.241531E+04        4.063906E+05
        3         3        3.329996E+01        5.770612E+00        9.184214E-01        1.225702E+04        4.081584E+05
        4         4        3.714019E+01        6.094275E+00        9.699340E-01        1.717564E+04        6.379063E+05
        5         5        4.008042E+01        6.330910E+00        1.007596E+00        1.698897E+04        6.809248E+05
        6         6        6.439448E+01        8.024617E+00        1.277157E+00        7.787046E+04        5.014428E+06
        7         7        6.919817E+01        8.318544E+00        1.323937E+00        2.993860E+04        2.071696E+06
        8         8        7.140690E+01        8.450260E+00        1.344901E+00        6.907503E+04        4.932434E+06
        9         9        7.691737E+01        8.770255E+00        1.395829E+00        6.276589E+04        4.827787E+06
       10        10        1.198231E+02        1.094637E+01        1.742169E+00        4.681559E+04        5.609587E+06
1                                                                          DECEMBER  23, 2023  SIMCENTER NASTRAN 10/20/21   PAGE    20
                                                                                                                                    
0                                                                                                            SUBCASE 2              
 *** USER INFORMATION MESSAGE 4114 (OUTPBN2)
     DATA BLOCK OQG1     WRITTEN ON FORTRAN UNIT  12, TRL =
                    101                 8              8272                23                23                 0                 1
     (MAXIMUM POSSIBLE FORTRAN RECORD SIZE =    65538 WORDS.)
     (MAXIMUM SIZE OF FORTRAN RECORDS WRITTEN =    53256 WORDS.)
     (NUMBER OF FORTRAN RECORDS WRITTEN =      114 RECORDS.)
     (TOTAL DATA WRITTEN FOR DATA BLOCK =   534127 WORDS.)
 *** USER INFORMATION MESSAGE 4114 (OUTPBN2)
     DATA BLOCK LAMA     WRITTEN ON FORTRAN UNIT  12, TRL =
                    101                10                 0                 0                 0                 0                 0
     (MAXIMUM POSSIBLE FORTRAN RECORD SIZE =    65538 WORDS.)
     (MAXIMUM SIZE OF FORTRAN RECORDS WRITTEN =      146 WORDS.)
     (NUMBER OF FORTRAN RECORDS WRITTEN =       24 RECORDS.)
     (TOTAL DATA WRITTEN FOR DATA BLOCK =      246 WORDS.)
 *** USER INFORMATION MESSAGE 4114 (OUTPBN2)
     DATA BLOCK BOUGV1   WRITTEN ON FORTRAN UNIT  12, TRL =
                    101                 8              8272                23                23                 0                 1
     (MAXIMUM POSSIBLE FORTRAN RECORD SIZE =    65538 WORDS.)
     (MAXIMUM SIZE OF FORTRAN RECORDS WRITTEN =    53256 WORDS.)
     (NUMBER OF FORTRAN RECORDS WRITTEN =      114 RECORDS.)
     (TOTAL DATA WRITTEN FOR DATA BLOCK =   534127 WORDS.)
 *** USER INFORMATION MESSAGE 4114 (OUTPBN2)
     DATA BLOCK OES1     WRITTEN ON FORTRAN UNIT  12, TRL =
                    101                63                12                23                23                 0                 1
     (MAXIMUM POSSIBLE FORTRAN RECORD SIZE =    65538 WORDS.)
     (MAXIMUM SIZE OF FORTRAN RECORDS WRITTEN =    65538 WORDS.)
     (NUMBER OF FORTRAN RECORDS WRITTEN =      154 RECORDS.)
     (TOTAL DATA WRITTEN FOR DATA BLOCK =  1737217 WORDS.)
1                                                                          DECEMBER  23, 2023  SIMCENTER NASTRAN 10/20/21   PAGE    21
                                                                                                                                    
0                                                                                                            SUBCASE 2              
1                                                                          DECEMBER  23, 2023  SIMCENTER NASTRAN 10/20/21   PAGE    22
                                                                                                                                    
0                                                                                                            SUBCASE 2              
1                                                                          DECEMBER  23, 2023  SIMCENTER NASTRAN 10/20/21   PAGE    23
                                                                                                                                    
0                                                                                                            SUBCASE 2              
 *** USER INFORMATION MESSAGE 4110 (OUTPBN2)
                                 END-OF-DATA SIMULATION ON FORTRAN UNIT 12
                                 (MAXIMUM SIZE OF FORTRAN RECORDS WRITTEN =      1 WORDS.)
                                       (NUMBER OF FORTRAN RECORDS WRITTEN =      1 RECORDS.)
                                       (TOTAL DATA WRITTEN FOR EOF MARKER =      1 WORDS.)
1                                                                          DECEMBER  23, 2023  SIMCENTER NASTRAN 10/20/21   PAGE    24
                                                                                                                                    
0                                                                                                            SUBCASE 2              
 * * * *  D B D I C T   P R I N T  * * * *      SUBDMAP = PRTSUM  ,  DMAP STATEMENT NO.     28



0                                   * * * *  A N A L Y S I S  S U M M A R Y  T A B L E  * * * *
0 SEID  PEID PROJ VERS APRCH      SEMG SEMR SEKR SELG SELR MODES DYNRED SOLLIN PVALID SOLNL LOOPID DESIGN CYCLE SENSITIVITY
 --------------------------------------------------------------------------------------------------------------------------
     0     0    1    1 '        '    T    T    T    T    T     T      F      T      0     F     -1            0           F
0SEID = SUPERELEMENT ID.
 PEID = PRIMARY SUPERELEMENT ID OF IMAGE SUPERELEMENT.
 PROJ = PROJECT ID NUMBER.
 VERS = VERSION ID.
 APRCH = BLANK FOR STRUCTURAL ANALYSIS.  HEAT FOR HEAT TRANSFER ANALYSIS.
 SEMG = STIFFNESS AND MASS MATRIX GENERATION STEP.
 SEMR = MASS MATRIX REDUCTION STEP (INCLUDES EIGENVALUE SOLUTION FOR MODES).
 SEKR = STIFFNESS MATRIX REDUCTION STEP.
 SELG = LOAD MATRIX GENERATION STEP.
 SELR = LOAD MATRIX REDUCTION STEP. 
 MODES = T (TRUE) IF NORMAL MODES OR BUCKLING MODES CALCULATED.
 DYNRED = T (TRUE) MEANS GENERALIZED DYNAMIC AND/OR COMPONENT MODE REDUCTION PERFORMED.
 SOLLIN = T (TRUE) IF LINEAR SOLUTION EXISTS IN DATABASE.
 PVALID = P-DISTRIBUTION ID OF P-VALUE FOR P-ELEMENTS
 LOOPID = THE LAST LOOPID VALUE USED IN THE NONLINEAR ANALYSIS.  USEFUL FOR RESTARTS.
 SOLNL = T (TRUE) IF NONLINEAR SOLUTION EXISTS IN DATABASE.
 DESIGN CYCLE = THE LAST DESIGN CYCLE (ONLY VALID IN OPTIMIZATION).
 SENSITIVITY = SENSITIVITY MATRIX GENERATION FLAG.
1                                        * * * END OF JOB * * *
 
 
