UG to STEP
! INFO-     NX STEP AP214 - V2007
! INFO-      
! INFO-     Start of Translation: 17-APR-2023  3:23:56 AM
! INFO-      
! STATUS-   Converting Part: C:\Users\barto\Desktop\SR\twardowsky2\01-Model\TWR.2A.4.02.00.000_Feeding_system\TWR.2A.4.02.01.000_Main_valve\main_valve_body.prt
! SUMMARY-   
! SUMMARY-  Summary of Unigraphics Part Entities
! SUMMARY-  For Part: C:\Users\barto\Desktop\SR\twardowsky2\01-Model\TWR.2A.4.02.00.000_Feeding_system\TWR.2A.4.02.01.000_Main_valve\main_valve_body.prt 
! SUMMARY-  Entities Processed             Count
! SUMMARY-  ------------------             -----
! SUMMARY-  Part Attribute ..............:     1
! SUMMARY-  Font ........................:     1
! SUMMARY-  Color Table .................:     2
! SUMMARY-  Coordinate System ...........:    35
! SUMMARY-  Parameter ...................:     1
! SUMMARY-  Matrix ......................:     3
! SUMMARY-  Solid .......................:
! SUMMARY-     Body .....................:     1
! SUMMARY-                                 -----
! SUMMARY-  Total                             44
! STATUS-    
! STATUS-   Converting to Output Form (Phase 2 of 3): 17-APR-2023 3:23:56 AM
! STATUS-    
! STATUS-    
! STATUS-   Generating UG geometry and placing them in parts
! STATUS-    
! SUMMARY-   
! SUMMARY-    STEP Header Information
! SUMMARY-   
! SUMMARY-  Description      Unknown
! SUMMARY-  Imp_Level        1
! SUMMARY-  File_Name        TWR.2A.4.02.01.001_main_valve_body.stp
! SUMMARY-  Date             2023-04-17T03:23:56+02:00
! SUMMARY-  Author           Unknown
! SUMMARY-  Organization     Unknown
! SUMMARY-  Pre_Version      ST-DEVELOPER v18.101
! SUMMARY-  Orig_System      SIEMENS PLM Software NX 2011
! SUMMARY-  Authorization    Unknown
! SUMMARY-  Schema_ID        step_merged_ap_schema
! SUMMARY-   
! SUMMARY-    Summary of STEP Entities
! SUMMARY-   
! SUMMARY-  Entity Type                                                   Count
! SUMMARY-  -----------                                                   ------
! SUMMARY-  advanced_face ..............................................:     91
! SUMMARY-  application_context ........................................:      1
! SUMMARY-  axis2_placement_3d .........................................:    178
! SUMMARY-  b_spline_curve_with_knots ..................................:     17
! SUMMARY-  b_spline_surface_with_knots_and_rational_b_spline_surface ..:      2
! SUMMARY-  cartesian_point ............................................:    960
! SUMMARY-  circle .....................................................:     88
! SUMMARY-  closed_shell ...............................................:      1
! SUMMARY-  conical_surface ............................................:     41
! SUMMARY-  conversion_based_unit_and_plane_angle_unit .................:      1
! SUMMARY-  cylindrical_surface ........................................:     32
! SUMMARY-  dimensional_exponents ......................................:      1
! SUMMARY-  direction ..................................................:    368
! SUMMARY-  edge_curve .................................................:    117
! SUMMARY-  edge_loop ..................................................:    193
! SUMMARY-  face_bound .................................................:    188
! SUMMARY-  face_outer_bound ...........................................:     11
! SUMMARY-  geometric_representation_context_and_global_uncertainty_a ..:      1
! SUMMARY-  length_unit_and_si_unit ....................................:      1
! SUMMARY-  line .......................................................:     12
! SUMMARY-  manifold_solid_brep ........................................:      1
! SUMMARY-  oriented_edge ..............................................:    234
! SUMMARY-  plane ......................................................:     13
! SUMMARY-  plane_angle_measure_with_unit ..............................:      1
! SUMMARY-  plane_angle_unit_and_si_unit ...............................:      1
! SUMMARY-  product ....................................................:      1
! SUMMARY-  product_context ............................................:      1
! SUMMARY-  product_definition .........................................:      1
! SUMMARY-  product_definition_context .................................:      1
! SUMMARY-  product_definition_formation_with_specified_source .........:      1
! SUMMARY-  product_definition_shape ...................................:      1
! SUMMARY-  product_related_product_category ...........................:      1
! SUMMARY-  si_unit_and_solid_angle_unit ...............................:      1
! SUMMARY-  toroidal_surface ...........................................:      3
! SUMMARY-  uncertainty_measure_with_unit ..............................:      1
! SUMMARY-  vector .....................................................:     12
! SUMMARY-  vertex_loop ................................................:      6
! SUMMARY-  vertex_point ...............................................:    112
! SUMMARY-                                                               -------
! SUMMARY-  Total                                                           2696
! INFO-      
! INFO-     User interface/default file
! INFO-     Bspline aprx. value in effect for this translation : 2.540000e-02 mm
! INFO-      
! INFO-     Total number of solids input for this translation  :       1
! INFO-      
! INFO-     Number of solids processed without problems        :       1
! INFO-      
! INFO-     Number of solids with problems output as sheets    :       0
! INFO-      
! INFO-     Number of solids not processed                     :       0
! INFO-      
! INFO-     End of Translation: 17-APR-2023  3:23:56 AM
! INFO-      
