UG to STEP
! INFO-     NX STEP AP214 - V2007
! INFO-      
! INFO-     Start of Translation: 17-APR-2023  11:41:35 AM
! INFO-      
! STATUS-   Converting Part: C:\Users\barto\Downloads\TWR.2A.4.04.00.002_Intersection_B_1.prt
! SUMMARY-   
! SUMMARY-  Summary of Unigraphics Part Entities
! SUMMARY-  For Part: C:\Users\barto\Downloads\TWR.2A.4.04.00.002_Intersection_B_1.prt 
! SUMMARY-  Entities Processed             Count
! SUMMARY-  ------------------             -----
! SUMMARY-  Part Attribute ..............:     1
! SUMMARY-  Font ........................:     1
! SUMMARY-  Color Table .................:     2
! SUMMARY-  Coordinate System ...........:    21
! SUMMARY-  Parameter ...................:     1
! SUMMARY-  Matrix ......................:     3
! SUMMARY-  Solid .......................:
! SUMMARY-     Body .....................:     1
! SUMMARY-                                 -----
! SUMMARY-  Total                             30
! STATUS-    
! STATUS-   Converting to Output Form (Phase 2 of 3): 17-APR-2023 11:41:35 AM
! STATUS-    
! STATUS-    
! STATUS-   Generating UG geometry and placing them in parts
! STATUS-    
! SUMMARY-   
! SUMMARY-    STEP Header Information
! SUMMARY-   
! SUMMARY-  Description      Unknown
! SUMMARY-  Imp_Level        1
! SUMMARY-  File_Name        TWR.2A.4.04.00.002_Intersection_B.stp
! SUMMARY-  Date             2023-04-17T11:41:35+02:00
! SUMMARY-  Author           Unknown
! SUMMARY-  Organization     Unknown
! SUMMARY-  Pre_Version      ST-DEVELOPER v18.101
! SUMMARY-  Orig_System      SIEMENS PLM Software NX 2011
! SUMMARY-  Authorization    Unknown
! SUMMARY-  Schema_ID        step_merged_ap_schema
! SUMMARY-   
! SUMMARY-    Summary of STEP Entities
! SUMMARY-   
! SUMMARY-  Entity Type                                                   Count
! SUMMARY-  -----------                                                   ------
! SUMMARY-  advanced_face ..............................................:     25
! SUMMARY-  application_context ........................................:      1
! SUMMARY-  axis2_placement_3d .........................................:     40
! SUMMARY-  b_spline_curve_with_knots ..................................:     18
! SUMMARY-  cartesian_point ............................................:   1082
! SUMMARY-  circle .....................................................:     14
! SUMMARY-  closed_shell ...............................................:      1
! SUMMARY-  conical_surface ............................................:     10
! SUMMARY-  conversion_based_unit_and_plane_angle_unit .................:      1
! SUMMARY-  cylindrical_surface ........................................:     11
! SUMMARY-  dimensional_exponents ......................................:      1
! SUMMARY-  direction ..................................................:     92
! SUMMARY-  edge_curve .................................................:     44
! SUMMARY-  edge_loop ..................................................:     60
! SUMMARY-  face_bound .................................................:     54
! SUMMARY-  face_outer_bound ...........................................:      6
! SUMMARY-  geometric_representation_context_and_global_uncertainty_a ..:      1
! SUMMARY-  length_unit_and_si_unit ....................................:      1
! SUMMARY-  line .......................................................:     12
! SUMMARY-  manifold_solid_brep ........................................:      1
! SUMMARY-  oriented_edge ..............................................:     88
! SUMMARY-  plane ......................................................:      4
! SUMMARY-  plane_angle_measure_with_unit ..............................:      1
! SUMMARY-  plane_angle_unit_and_si_unit ...............................:      1
! SUMMARY-  product ....................................................:      1
! SUMMARY-  product_context ............................................:      1
! SUMMARY-  product_definition .........................................:      1
! SUMMARY-  product_definition_context .................................:      1
! SUMMARY-  product_definition_formation_with_specified_source .........:      1
! SUMMARY-  product_definition_shape ...................................:      1
! SUMMARY-  product_related_product_category ...........................:      1
! SUMMARY-  si_unit_and_solid_angle_unit ...............................:      1
! SUMMARY-  uncertainty_measure_with_unit ..............................:      1
! SUMMARY-  vector .....................................................:     12
! SUMMARY-  vertex_point ...............................................:     38
! SUMMARY-                                                               -------
! SUMMARY-  Total                                                           1628
! INFO-      
! INFO-     User interface/default file
! INFO-     Bspline aprx. value in effect for this translation : 2.540000e-02 mm
! INFO-      
! INFO-     Total number of solids input for this translation  :       1
! INFO-      
! INFO-     Number of solids processed without problems        :       1
! INFO-      
! INFO-     Number of solids with problems output as sheets    :       0
! INFO-      
! INFO-     Number of solids not processed                     :       0
! INFO-      
! INFO-     End of Translation: 17-APR-2023  11:41:35 AM
! INFO-      
UG to STEP
! INFO-     NX STEP AP214 - V2007
! INFO-      
! INFO-     Start of Translation: 17-APR-2023  11:42:41 AM
! INFO-      
! STATUS-   Converting Part: C:\Users\barto\Downloads\TWR.2A.4.04.00.002_Intersection_B_1.prt
! SUMMARY-   
! SUMMARY-  Summary of Unigraphics Part Entities
! SUMMARY-  For Part: C:\Users\barto\Downloads\TWR.2A.4.04.00.002_Intersection_B_1.prt 
! SUMMARY-  Entities Processed             Count
! SUMMARY-  ------------------             -----
! SUMMARY-  Part Attribute ..............:     1
! SUMMARY-  Font ........................:     1
! SUMMARY-  Color Table .................:     2
! SUMMARY-  Coordinate System ...........:     1
! SUMMARY-  Parameter ...................:     1
! SUMMARY-  Matrix ......................:     1
! SUMMARY-  Solid .......................:
! SUMMARY-     Body .....................:     1
! SUMMARY-                                 -----
! SUMMARY-  Total                              8
! STATUS-    
! STATUS-   Converting to Output Form (Phase 2 of 3): 17-APR-2023 11:42:41 AM
! STATUS-    
! STATUS-    
! STATUS-   Generating UG geometry and placing them in parts
! STATUS-    
! SUMMARY-   
! SUMMARY-    STEP Header Information
! SUMMARY-   
! SUMMARY-  Description      Unknown
! SUMMARY-  Imp_Level        1
! SUMMARY-  File_Name        TWR.2A.4.04.00.002_Intersection_B.stp
! SUMMARY-  Date             2023-04-17T11:42:41+02:00
! SUMMARY-  Author           Unknown
! SUMMARY-  Organization     Unknown
! SUMMARY-  Pre_Version      ST-DEVELOPER v18.101
! SUMMARY-  Orig_System      SIEMENS PLM Software NX 2011
! SUMMARY-  Authorization    Unknown
! SUMMARY-  Schema_ID        step_merged_ap_schema
! SUMMARY-   
! SUMMARY-    Summary of STEP Entities
! SUMMARY-   
! SUMMARY-  Entity Type                                                   Count
! SUMMARY-  -----------                                                   ------
! SUMMARY-  advanced_face ..............................................:     25
! SUMMARY-  application_context ........................................:      1
! SUMMARY-  axis2_placement_3d .........................................:     40
! SUMMARY-  b_spline_curve_with_knots ..................................:     18
! SUMMARY-  cartesian_point ............................................:   1082
! SUMMARY-  circle .....................................................:     14
! SUMMARY-  closed_shell ...............................................:      1
! SUMMARY-  conical_surface ............................................:     10
! SUMMARY-  conversion_based_unit_and_plane_angle_unit .................:      1
! SUMMARY-  cylindrical_surface ........................................:     11
! SUMMARY-  dimensional_exponents ......................................:      1
! SUMMARY-  direction ..................................................:     92
! SUMMARY-  edge_curve .................................................:     44
! SUMMARY-  edge_loop ..................................................:     60
! SUMMARY-  face_bound .................................................:     54
! SUMMARY-  face_outer_bound ...........................................:      6
! SUMMARY-  geometric_representation_context_and_global_uncertainty_a ..:      1
! SUMMARY-  length_unit_and_si_unit ....................................:      1
! SUMMARY-  line .......................................................:     12
! SUMMARY-  manifold_solid_brep ........................................:      1
! SUMMARY-  oriented_edge ..............................................:     88
! SUMMARY-  plane ......................................................:      4
! SUMMARY-  plane_angle_measure_with_unit ..............................:      1
! SUMMARY-  plane_angle_unit_and_si_unit ...............................:      1
! SUMMARY-  product ....................................................:      1
! SUMMARY-  product_context ............................................:      1
! SUMMARY-  product_definition .........................................:      1
! SUMMARY-  product_definition_context .................................:      1
! SUMMARY-  product_definition_formation_with_specified_source .........:      1
! SUMMARY-  product_definition_shape ...................................:      1
! SUMMARY-  product_related_product_category ...........................:      1
! SUMMARY-  si_unit_and_solid_angle_unit ...............................:      1
! SUMMARY-  uncertainty_measure_with_unit ..............................:      1
! SUMMARY-  vector .....................................................:     12
! SUMMARY-  vertex_point ...............................................:     38
! SUMMARY-                                                               -------
! SUMMARY-  Total                                                           1628
! INFO-      
! INFO-     User interface/default file
! INFO-     Bspline aprx. value in effect for this translation : 2.540000e-02 mm
! INFO-      
! INFO-     Total number of solids input for this translation  :       1
! INFO-      
! INFO-     Number of solids processed without problems        :       1
! INFO-      
! INFO-     Number of solids with problems output as sheets    :       0
! INFO-      
! INFO-     Number of solids not processed                     :       0
! INFO-      
! INFO-     End of Translation: 17-APR-2023  11:42:41 AM
! INFO-      
